<?xml version="1.0" encoding="UTF-8"?>
<!-- Generated by org.testng.reporters.JUnitReportReporter -->
<testsuite hostname="DESKTOP-IA0DLJF" name="com.pulse.Test.ValidLogin4" tests="2" failures="0" timestamp="30 Dec 2018 11:33:34 GMT" time="63.761" errors="0">
  <testcase name="TC8" time="25.296" classname="com.pulse.Test.ValidLogin4"/>
  <testcase name="TC7" time="38.465" classname="com.pulse.Test.ValidLogin4"/>
</testsuite> <!-- com.pulse.Test.ValidLogin4 -->
